0 info it worked if it ends with ok
1 verbose cli [ '/usr/local/Cellar/node@6/6.14.4_1/bin/node',
1 verbose cli   '/usr/local/bin/npm',
1 verbose cli   'run',
1 verbose cli   'integration-test' ]
2 info using npm@3.10.10
3 info using node@v6.14.4
4 verbose run-script [ 'preintegration-test',
4 verbose run-script   'integration-test',
4 verbose run-script   'postintegration-test' ]
5 info lifecycle big-mouth@1.0.0~preintegration-test: big-mouth@1.0.0
6 silly lifecycle big-mouth@1.0.0~preintegration-test: no script for preintegration-test, continuing
7 info lifecycle big-mouth@1.0.0~integration-test: big-mouth@1.0.0
8 verbose lifecycle big-mouth@1.0.0~integration-test: unsafe-perm in lifecycle true
9 verbose lifecycle big-mouth@1.0.0~integration-test: PATH: /usr/local/Cellar/node@6/6.14.4_1/lib/node_modules/npm/bin/node-gyp-bin:/Users/inc/Work/edu/serverless/big-mouth/node_modules/.bin:/usr/local/Cellar/node@6/6.14.4_1/bin:/usr/local/bin:/usr/bin:/bin:/usr/sbin:/sbin:/usr/local/bin
10 verbose lifecycle big-mouth@1.0.0~integration-test: CWD: /Users/inc/Work/edu/serverless/big-mouth
11 silly lifecycle big-mouth@1.0.0~integration-test: Args: [ '-c', 'mocha tests/test_cases --reporter spec' ]
12 silly lifecycle big-mouth@1.0.0~integration-test: Returned: code: 1  signal: null
13 info lifecycle big-mouth@1.0.0~integration-test: Failed to exec integration-test script
14 verbose stack Error: big-mouth@1.0.0 integration-test: `mocha tests/test_cases --reporter spec`
14 verbose stack Exit status 1
14 verbose stack     at EventEmitter.<anonymous> (/usr/local/Cellar/node@6/6.14.4_1/lib/node_modules/npm/lib/utils/lifecycle.js:255:16)
14 verbose stack     at emitTwo (events.js:106:13)
14 verbose stack     at EventEmitter.emit (events.js:191:7)
14 verbose stack     at ChildProcess.<anonymous> (/usr/local/Cellar/node@6/6.14.4_1/lib/node_modules/npm/lib/utils/spawn.js:40:14)
14 verbose stack     at emitTwo (events.js:106:13)
14 verbose stack     at ChildProcess.emit (events.js:191:7)
14 verbose stack     at maybeClose (internal/child_process.js:920:16)
14 verbose stack     at Process.ChildProcess._handle.onexit (internal/child_process.js:230:5)
15 verbose pkgid big-mouth@1.0.0
16 verbose cwd /Users/inc/Work/edu/serverless/big-mouth
17 error Darwin 18.7.0
18 error argv "/usr/local/Cellar/node@6/6.14.4_1/bin/node" "/usr/local/bin/npm" "run" "integration-test"
19 error node v6.14.4
20 error npm  v3.10.10
21 error code ELIFECYCLE
22 error big-mouth@1.0.0 integration-test: `mocha tests/test_cases --reporter spec`
22 error Exit status 1
23 error Failed at the big-mouth@1.0.0 integration-test script 'mocha tests/test_cases --reporter spec'.
23 error Make sure you have the latest version of node.js and npm installed.
23 error If you do, this is most likely a problem with the big-mouth package,
23 error not with npm itself.
23 error Tell the author that this fails on your system:
23 error     mocha tests/test_cases --reporter spec
23 error You can get information on how to open an issue for this project with:
23 error     npm bugs big-mouth
23 error Or if that isn't available, you can get their info via:
23 error     npm owner ls big-mouth
23 error There is likely additional logging output above.
24 verbose exit [ 1, true ]
